[debug] [2020-12-23T03:09:27.658Z] ----------------------------------------------------------------------
[debug] [2020-12-23T03:09:27.661Z] Command:       /usr/local/Cellar/node@12/12.20.0/bin/node /usr/local/bin/firebase deploy --only hosting:beaconsgg-admin
[debug] [2020-12-23T03:09:27.661Z] CLI Version:   9.0.1
[debug] [2020-12-23T03:09:27.661Z] Platform:      darwin
[debug] [2020-12-23T03:09:27.661Z] Node Version:  v12.20.0
[debug] [2020-12-23T03:09:27.662Z] Time:          Tue Dec 22 2020 19:09:27 GMT-0800 (Pacific Standard Time)
[debug] [2020-12-23T03:09:27.662Z] ----------------------------------------------------------------------
[debug] [2020-12-23T03:09:27.662Z] 
[debug] [2020-12-23T03:09:27.664Z] >>> [apiv2][query] GET https://firebase-public.firebaseio.com/cli.json [none]
[debug] [2020-12-23T03:09:27.686Z] > command requires scopes: ["email","openid","https://www.googleapis.com/auth/cloudplatformprojects.readonly","https://www.googleapis.com/auth/firebase","https://www.googleapis.com/auth/cloud-platform"]
[debug] [2020-12-23T03:09:27.687Z] > authorizing via signed-in user
[debug] [2020-12-23T03:09:27.687Z] [iam] checking project adj-event-discovery for permissions ["firebase.projects.get","firebasehosting.sites.update"]
[debug] [2020-12-23T03:09:27.688Z] > refreshing access token with scopes: ["email","https://www.googleapis.com/auth/cloud-platform","https://www.googleapis.com/auth/cloudplatformprojects.readonly","https://www.googleapis.com/auth/firebase","openid"]
[debug] [2020-12-23T03:09:27.689Z] >>> HTTP REQUEST POST https://www.googleapis.com/oauth2/v3/token  
 <request body omitted>
[debug] [2020-12-23T03:09:28.190Z] <<< HTTP RESPONSE 200 {"cache-control":"no-cache, no-store, max-age=0, must-revalidate","pragma":"no-cache","date":"Wed, 23 Dec 2020 03:09:28 GMT","expires":"Mon, 01 Jan 1990 00:00:00 GMT","content-type":"application/json; charset=utf-8","vary":"X-Origin, Referer, Origin,Accept-Encoding","server":"scaffolding on HTTPServer2","x-xss-protection":"0","x-frame-options":"SAMEORIGIN","x-content-type-options":"nosniff","alt-svc":"h3-29=\":443\"; ma=2592000,h3-T051=\":443\"; ma=2592000,h3-Q050=\":443\"; ma=2592000,h3-Q046=\":443\"; ma=2592000,h3-Q043=\":443\"; ma=2592000,quic=\":443\"; ma=2592000; v=\"46,43\"","accept-ranges":"none","transfer-encoding":"chunked"}
[debug] [2020-12-23T03:09:28.204Z] >>> HTTP REQUEST POST https://cloudresourcemanager.googleapis.com/v1/projects/adj-event-discovery:testIamPermissions  
 {"permissions":["firebase.projects.get","firebasehosting.sites.update"]}
[debug] [2020-12-23T03:09:28.284Z] <<< [apiv2][status] GET https://firebase-public.firebaseio.com/cli.json 200
[debug] [2020-12-23T03:09:28.285Z] <<< [apiv2][body] GET https://firebase-public.firebaseio.com/cli.json {"cloudBuildErrorAfter":1594252800000,"cloudBuildWarnAfter":1590019200000,"defaultNode10After":1594252800000,"minVersion":"3.0.5","node8DeploysDisabledAfter":1613390400000,"node8RuntimeDisabledAfter":1615809600000,"node8WarnAfter":1600128000000}
[debug] [2020-12-23T03:09:28.856Z] <<< HTTP RESPONSE 200 {"content-type":"application/json; charset=UTF-8","vary":"X-Origin, Referer, Origin,Accept-Encoding","date":"Wed, 23 Dec 2020 03:09:28 GMT","server":"ESF","cache-control":"private","x-xss-protection":"0","x-frame-options":"SAMEORIGIN","x-content-type-options":"nosniff","server-timing":"gfet4t7; dur=177","alt-svc":"h3-29=\":443\"; ma=2592000,h3-T051=\":443\"; ma=2592000,h3-Q050=\":443\"; ma=2592000,h3-Q046=\":443\"; ma=2592000,h3-Q043=\":443\"; ma=2592000,quic=\":443\"; ma=2592000; v=\"46,43\"","accept-ranges":"none","transfer-encoding":"chunked"}
[debug] [2020-12-23T03:09:28.856Z] >>> HTTP REQUEST GET https://firebase.googleapis.com/v1beta1/projects/adj-event-discovery  
 
[debug] [2020-12-23T03:09:29.397Z] <<< HTTP RESPONSE 200 {"content-type":"application/json; charset=UTF-8","vary":"X-Origin, Referer, Origin,Accept-Encoding","date":"Wed, 23 Dec 2020 03:09:29 GMT","server":"ESF","cache-control":"private","x-xss-protection":"0","x-frame-options":"SAMEORIGIN","x-content-type-options":"nosniff","alt-svc":"h3-29=\":443\"; ma=2592000,h3-T051=\":443\"; ma=2592000,h3-Q050=\":443\"; ma=2592000,h3-Q046=\":443\"; ma=2592000,h3-Q043=\":443\"; ma=2592000,quic=\":443\"; ma=2592000; v=\"46,43\"","accept-ranges":"none","transfer-encoding":"chunked"}
[info] 
[info] === Deploying to 'adj-event-discovery'...
[info] 
[info] i  deploying hosting 
[debug] [2020-12-23T03:09:29.402Z] >>> HTTP REQUEST POST https://firebasehosting.googleapis.com/v1beta1/sites/beaconsgg-admin/versions  
 {"config":{"rewrites":[{"glob":"**","path":"/index.html"}]},"labels":{"deployment-tool":"cli-firebase"}}
[debug] [2020-12-23T03:09:31.116Z] <<< HTTP RESPONSE 200 {"content-type":"application/json; charset=UTF-8","vary":"X-Origin, Referer, Origin,Accept-Encoding","date":"Wed, 23 Dec 2020 03:09:30 GMT","server":"ESF","cache-control":"private","x-xss-protection":"0","x-frame-options":"SAMEORIGIN","x-content-type-options":"nosniff","alt-svc":"h3-29=\":443\"; ma=2592000,h3-T051=\":443\"; ma=2592000,h3-Q050=\":443\"; ma=2592000,h3-Q046=\":443\"; ma=2592000,h3-Q043=\":443\"; ma=2592000,quic=\":443\"; ma=2592000; v=\"46,43\"","accept-ranges":"none","transfer-encoding":"chunked"}
[info] i  hosting[beaconsgg-admin]: beginning deploy... 
[info] i  hosting[beaconsgg-admin]: found 20 files in build 
[debug] [2020-12-23T03:09:32.561Z] > refreshing access token with scopes: []
[debug] [2020-12-23T03:09:32.561Z] >>> HTTP REQUEST POST https://www.googleapis.com/oauth2/v3/token  
 <request body omitted>
[debug] [2020-12-23T03:09:32.563Z] [hosting] hash cache [YnVpbGQ] stored for 20 files
[debug] [2020-12-23T03:09:32.563Z] [hosting][hash queue][FINAL] {"max":1424,"min":19,"avg":140.4,"active":0,"complete":20,"success":20,"errored":0,"retried":0,"total":20,"elapsed":1432}
[debug] [2020-12-23T03:09:32.738Z] <<< HTTP RESPONSE 200 {"pragma":"no-cache","date":"Wed, 23 Dec 2020 03:09:32 GMT","expires":"Mon, 01 Jan 1990 00:00:00 GMT","cache-control":"no-cache, no-store, max-age=0, must-revalidate","content-type":"application/json; charset=utf-8","vary":"X-Origin, Referer, Origin,Accept-Encoding","server":"scaffolding on HTTPServer2","x-xss-protection":"0","x-frame-options":"SAMEORIGIN","x-content-type-options":"nosniff","alt-svc":"h3-29=\":443\"; ma=2592000,h3-T051=\":443\"; ma=2592000,h3-Q050=\":443\"; ma=2592000,h3-Q046=\":443\"; ma=2592000,h3-Q043=\":443\"; ma=2592000,quic=\":443\"; ma=2592000; v=\"46,43\"","accept-ranges":"none","transfer-encoding":"chunked"}
[debug] [2020-12-23T03:09:32.752Z] >>> [apiv2][query] POST https://firebasehosting.googleapis.com/v1beta1/sites/beaconsgg-admin/versions/8e7f72e3a1b8979a:populateFiles [none]
[debug] [2020-12-23T03:09:32.752Z] >>> [apiv2][body] POST https://firebasehosting.googleapis.com/v1beta1/sites/beaconsgg-admin/versions/8e7f72e3a1b8979a:populateFiles {"files":{"/asset-manifest.json":"3b2877753cb0e3491cd6e5f282137dde0ea36316d7aaf59d4279a6b1d85577c5","/logo192.png":"caff018b7f1e8fd481eb1c50d75b0ef236bcd5078b1d15c8bb348453fee30293","/manifest.json":"341d52628782f8ac9290bbfc43298afccb47b7cbfcee146ae30cf0f46bc30900","/logo512.png":"191fc21360b4ccfb1cda11a1efb97f489ed22672ca83f4064316802bbfdd750e","/robots.txt":"391d14b3c2f8c9143a27a28c7399585142228d4d1bdbe2c87ac946de411fa9a2","/index.html":"8fe786d1ce5eea081e7b9f4b5c244ab0d76ee73a05ac08e8152392fe90fc4e2d","/static/js/2.8781be68.chunk.js.LICENSE.txt":"8fecf20da4dd3c3a688e5a4a9b118aea199eaedb5541abd8c6e3a63083fdd588","/static/js/3.6c3af639.chunk.js":"efa211c673bd28249dedc77077751572adc4d8a807108a27f2fe08569dccd04c","/static/js/3.6c3af639.chunk.js.map":"fb06c59b976f97aa8a441a55883bb122458c6dbf41e2d3bbffcae3d7355384a3","/static/js/runtime-main.49ef62b7.js":"9f20565fe4667561d4f1178ff68698688badc993626810436e7ba56ba2735493","/static/js/runtime-main.49ef62b7.js.map":"5318c7f1b475e25b4ec96cc76fbd035785ef8e8cff5ddf4abd2a3189cd884c8f","/favicon.ico":"b72f7455f00e4e58792d2bca892abb068e2213838c0316d6b7a0d6d16acd1955","/static/media/logo.ee6f986c.png":"0d632c0aa9e8af1fb1f5bf2d1a0663f906c44e072b866aef56aebc3f8faaa9a3","/static/js/main.3e3ab4f2.chunk.js.map":"812dec90b5eb9541c945a5426d831230b630e63f22658661f6c70fda02b5090f","/static/css/main.90e2b126.chunk.css":"5da9fdaaaffa3446cbaf7fe27a17be499335b7eb426718d2f0e1cdc5df6408a3","/static/js/main.3e3ab4f2.chunk.js":"9cbabbe88c731ad1ccea49181d02cf9e40ceed4c4c632ff3e4d428853a6275a9","/static/css/main.90e2b126.chunk.css.map":"ff1ae6a8d0270e521071a4f76c5e59c77324a96fb544034e8fa460afdd3ab955","/static/js/2.8781be68.chunk.js":"ea8270f330c903093c07c8fe43b8083622dc5423675e45ea8170099eae7d47d3","/static/media/hero-arena.19677488.jpg":"b7e50643ff79caeb7dadbccdac7c30de94dcef92ba2266f19530a67ecf8e99f0","/static/js/2.8781be68.chunk.js.map":"13cf64ece32f201d3c609f2f2232701f348f9102163be40af17fba130a6c0f0c"}}
[debug] [2020-12-23T03:09:33.365Z] <<< [apiv2][status] POST https://firebasehosting.googleapis.com/v1beta1/sites/beaconsgg-admin/versions/8e7f72e3a1b8979a:populateFiles 200
[debug] [2020-12-23T03:09:33.365Z] <<< [apiv2][body] POST https://firebasehosting.googleapis.com/v1beta1/sites/beaconsgg-admin/versions/8e7f72e3a1b8979a:populateFiles {"uploadRequiredHashes":["8fecf20da4dd3c3a688e5a4a9b118aea199eaedb5541abd8c6e3a63083fdd588","efa211c673bd28249dedc77077751572adc4d8a807108a27f2fe08569dccd04c","5318c7f1b475e25b4ec96cc76fbd035785ef8e8cff5ddf4abd2a3189cd884c8f","9f20565fe4667561d4f1178ff68698688badc993626810436e7ba56ba2735493","9cbabbe88c731ad1ccea49181d02cf9e40ceed4c4c632ff3e4d428853a6275a9","ea8270f330c903093c07c8fe43b8083622dc5423675e45ea8170099eae7d47d3","13cf64ece32f201d3c609f2f2232701f348f9102163be40af17fba130a6c0f0c","fb06c59b976f97aa8a441a55883bb122458c6dbf41e2d3bbffcae3d7355384a3","812dec90b5eb9541c945a5426d831230b630e63f22658661f6c70fda02b5090f","8fe786d1ce5eea081e7b9f4b5c244ab0d76ee73a05ac08e8152392fe90fc4e2d","3b2877753cb0e3491cd6e5f282137dde0ea36316d7aaf59d4279a6b1d85577c5"],"uploadUrl":"https://upload-firebasehosting.googleapis.com/upload/sites/beaconsgg-admin/versions/8e7f72e3a1b8979a/files"}
[debug] [2020-12-23T03:09:33.368Z] >>> [apiv2][query] POST https://upload-firebasehosting.googleapis.com/upload/sites/beaconsgg-admin/versions/8e7f72e3a1b8979a/files/8fecf20da4dd3c3a688e5a4a9b118aea199eaedb5541abd8c6e3a63083fdd588 [none]
[debug] [2020-12-23T03:09:33.368Z] >>> [apiv2][body] POST https://upload-firebasehosting.googleapis.com/upload/sites/beaconsgg-admin/versions/8e7f72e3a1b8979a/files/8fecf20da4dd3c3a688e5a4a9b118aea199eaedb5541abd8c6e3a63083fdd588 [stream]
[debug] [2020-12-23T03:09:33.369Z] >>> [apiv2][query] POST https://upload-firebasehosting.googleapis.com/upload/sites/beaconsgg-admin/versions/8e7f72e3a1b8979a/files/efa211c673bd28249dedc77077751572adc4d8a807108a27f2fe08569dccd04c [none]
[debug] [2020-12-23T03:09:33.369Z] >>> [apiv2][body] POST https://upload-firebasehosting.googleapis.com/upload/sites/beaconsgg-admin/versions/8e7f72e3a1b8979a/files/efa211c673bd28249dedc77077751572adc4d8a807108a27f2fe08569dccd04c [stream]
[debug] [2020-12-23T03:09:33.370Z] >>> [apiv2][query] POST https://upload-firebasehosting.googleapis.com/upload/sites/beaconsgg-admin/versions/8e7f72e3a1b8979a/files/5318c7f1b475e25b4ec96cc76fbd035785ef8e8cff5ddf4abd2a3189cd884c8f [none]
[debug] [2020-12-23T03:09:33.370Z] >>> [apiv2][body] POST https://upload-firebasehosting.googleapis.com/upload/sites/beaconsgg-admin/versions/8e7f72e3a1b8979a/files/5318c7f1b475e25b4ec96cc76fbd035785ef8e8cff5ddf4abd2a3189cd884c8f [stream]
[debug] [2020-12-23T03:09:33.370Z] >>> [apiv2][query] POST https://upload-firebasehosting.googleapis.com/upload/sites/beaconsgg-admin/versions/8e7f72e3a1b8979a/files/9f20565fe4667561d4f1178ff68698688badc993626810436e7ba56ba2735493 [none]
[debug] [2020-12-23T03:09:33.370Z] >>> [apiv2][body] POST https://upload-firebasehosting.googleapis.com/upload/sites/beaconsgg-admin/versions/8e7f72e3a1b8979a/files/9f20565fe4667561d4f1178ff68698688badc993626810436e7ba56ba2735493 [stream]
[debug] [2020-12-23T03:09:33.371Z] >>> [apiv2][query] POST https://upload-firebasehosting.googleapis.com/upload/sites/beaconsgg-admin/versions/8e7f72e3a1b8979a/files/9cbabbe88c731ad1ccea49181d02cf9e40ceed4c4c632ff3e4d428853a6275a9 [none]
[debug] [2020-12-23T03:09:33.371Z] >>> [apiv2][body] POST https://upload-firebasehosting.googleapis.com/upload/sites/beaconsgg-admin/versions/8e7f72e3a1b8979a/files/9cbabbe88c731ad1ccea49181d02cf9e40ceed4c4c632ff3e4d428853a6275a9 [stream]
[debug] [2020-12-23T03:09:33.372Z] >>> [apiv2][query] POST https://upload-firebasehosting.googleapis.com/upload/sites/beaconsgg-admin/versions/8e7f72e3a1b8979a/files/ea8270f330c903093c07c8fe43b8083622dc5423675e45ea8170099eae7d47d3 [none]
[debug] [2020-12-23T03:09:33.372Z] >>> [apiv2][body] POST https://upload-firebasehosting.googleapis.com/upload/sites/beaconsgg-admin/versions/8e7f72e3a1b8979a/files/ea8270f330c903093c07c8fe43b8083622dc5423675e45ea8170099eae7d47d3 [stream]
[debug] [2020-12-23T03:09:33.372Z] >>> [apiv2][query] POST https://upload-firebasehosting.googleapis.com/upload/sites/beaconsgg-admin/versions/8e7f72e3a1b8979a/files/13cf64ece32f201d3c609f2f2232701f348f9102163be40af17fba130a6c0f0c [none]
[debug] [2020-12-23T03:09:33.372Z] >>> [apiv2][body] POST https://upload-firebasehosting.googleapis.com/upload/sites/beaconsgg-admin/versions/8e7f72e3a1b8979a/files/13cf64ece32f201d3c609f2f2232701f348f9102163be40af17fba130a6c0f0c [stream]
[debug] [2020-12-23T03:09:33.373Z] >>> [apiv2][query] POST https://upload-firebasehosting.googleapis.com/upload/sites/beaconsgg-admin/versions/8e7f72e3a1b8979a/files/fb06c59b976f97aa8a441a55883bb122458c6dbf41e2d3bbffcae3d7355384a3 [none]
[debug] [2020-12-23T03:09:33.373Z] >>> [apiv2][body] POST https://upload-firebasehosting.googleapis.com/upload/sites/beaconsgg-admin/versions/8e7f72e3a1b8979a/files/fb06c59b976f97aa8a441a55883bb122458c6dbf41e2d3bbffcae3d7355384a3 [stream]
[debug] [2020-12-23T03:09:33.374Z] >>> [apiv2][query] POST https://upload-firebasehosting.googleapis.com/upload/sites/beaconsgg-admin/versions/8e7f72e3a1b8979a/files/812dec90b5eb9541c945a5426d831230b630e63f22658661f6c70fda02b5090f [none]
[debug] [2020-12-23T03:09:33.374Z] >>> [apiv2][body] POST https://upload-firebasehosting.googleapis.com/upload/sites/beaconsgg-admin/versions/8e7f72e3a1b8979a/files/812dec90b5eb9541c945a5426d831230b630e63f22658661f6c70fda02b5090f [stream]
[debug] [2020-12-23T03:09:33.375Z] >>> [apiv2][query] POST https://upload-firebasehosting.googleapis.com/upload/sites/beaconsgg-admin/versions/8e7f72e3a1b8979a/files/8fe786d1ce5eea081e7b9f4b5c244ab0d76ee73a05ac08e8152392fe90fc4e2d [none]
[debug] [2020-12-23T03:09:33.375Z] >>> [apiv2][body] POST https://upload-firebasehosting.googleapis.com/upload/sites/beaconsgg-admin/versions/8e7f72e3a1b8979a/files/8fe786d1ce5eea081e7b9f4b5c244ab0d76ee73a05ac08e8152392fe90fc4e2d [stream]
[debug] [2020-12-23T03:09:33.375Z] >>> [apiv2][query] POST https://upload-firebasehosting.googleapis.com/upload/sites/beaconsgg-admin/versions/8e7f72e3a1b8979a/files/3b2877753cb0e3491cd6e5f282137dde0ea36316d7aaf59d4279a6b1d85577c5 [none]
[debug] [2020-12-23T03:09:33.375Z] >>> [apiv2][body] POST https://upload-firebasehosting.googleapis.com/upload/sites/beaconsgg-admin/versions/8e7f72e3a1b8979a/files/3b2877753cb0e3491cd6e5f282137dde0ea36316d7aaf59d4279a6b1d85577c5 [stream]
[debug] [2020-12-23T03:09:33.376Z] [hosting][populate queue][FINAL] {"max":807,"min":807,"avg":807,"active":0,"complete":1,"success":1,"errored":0,"retried":0,"total":1,"elapsed":816}
[debug] [2020-12-23T03:09:33.376Z] [hosting] uploads queued: 11
[debug] [2020-12-23T03:09:34.381Z] <<< [apiv2][status] POST https://upload-firebasehosting.googleapis.com/upload/sites/beaconsgg-admin/versions/8e7f72e3a1b8979a/files/9cbabbe88c731ad1ccea49181d02cf9e40ceed4c4c632ff3e4d428853a6275a9 200
[debug] [2020-12-23T03:09:34.381Z] <<< [apiv2][body] POST https://upload-firebasehosting.googleapis.com/upload/sites/beaconsgg-admin/versions/8e7f72e3a1b8979a/files/9cbabbe88c731ad1ccea49181d02cf9e40ceed4c4c632ff3e4d428853a6275a9 [stream]
[debug] [2020-12-23T03:09:34.393Z] <<< [apiv2][status] POST https://upload-firebasehosting.googleapis.com/upload/sites/beaconsgg-admin/versions/8e7f72e3a1b8979a/files/8fecf20da4dd3c3a688e5a4a9b118aea199eaedb5541abd8c6e3a63083fdd588 200
[debug] [2020-12-23T03:09:34.393Z] <<< [apiv2][body] POST https://upload-firebasehosting.googleapis.com/upload/sites/beaconsgg-admin/versions/8e7f72e3a1b8979a/files/8fecf20da4dd3c3a688e5a4a9b118aea199eaedb5541abd8c6e3a63083fdd588 [stream]
[debug] [2020-12-23T03:09:34.415Z] <<< [apiv2][status] POST https://upload-firebasehosting.googleapis.com/upload/sites/beaconsgg-admin/versions/8e7f72e3a1b8979a/files/8fe786d1ce5eea081e7b9f4b5c244ab0d76ee73a05ac08e8152392fe90fc4e2d 200
[debug] [2020-12-23T03:09:34.415Z] <<< [apiv2][body] POST https://upload-firebasehosting.googleapis.com/upload/sites/beaconsgg-admin/versions/8e7f72e3a1b8979a/files/8fe786d1ce5eea081e7b9f4b5c244ab0d76ee73a05ac08e8152392fe90fc4e2d [stream]
[debug] [2020-12-23T03:09:34.427Z] <<< [apiv2][status] POST https://upload-firebasehosting.googleapis.com/upload/sites/beaconsgg-admin/versions/8e7f72e3a1b8979a/files/fb06c59b976f97aa8a441a55883bb122458c6dbf41e2d3bbffcae3d7355384a3 200
[debug] [2020-12-23T03:09:34.427Z] <<< [apiv2][body] POST https://upload-firebasehosting.googleapis.com/upload/sites/beaconsgg-admin/versions/8e7f72e3a1b8979a/files/fb06c59b976f97aa8a441a55883bb122458c6dbf41e2d3bbffcae3d7355384a3 [stream]
[debug] [2020-12-23T03:09:34.436Z] <<< [apiv2][status] POST https://upload-firebasehosting.googleapis.com/upload/sites/beaconsgg-admin/versions/8e7f72e3a1b8979a/files/9f20565fe4667561d4f1178ff68698688badc993626810436e7ba56ba2735493 200
[debug] [2020-12-23T03:09:34.436Z] <<< [apiv2][body] POST https://upload-firebasehosting.googleapis.com/upload/sites/beaconsgg-admin/versions/8e7f72e3a1b8979a/files/9f20565fe4667561d4f1178ff68698688badc993626810436e7ba56ba2735493 [stream]
[debug] [2020-12-23T03:09:34.444Z] <<< [apiv2][status] POST https://upload-firebasehosting.googleapis.com/upload/sites/beaconsgg-admin/versions/8e7f72e3a1b8979a/files/5318c7f1b475e25b4ec96cc76fbd035785ef8e8cff5ddf4abd2a3189cd884c8f 200
[debug] [2020-12-23T03:09:34.445Z] <<< [apiv2][body] POST https://upload-firebasehosting.googleapis.com/upload/sites/beaconsgg-admin/versions/8e7f72e3a1b8979a/files/5318c7f1b475e25b4ec96cc76fbd035785ef8e8cff5ddf4abd2a3189cd884c8f [stream]
[debug] [2020-12-23T03:09:34.492Z] <<< [apiv2][status] POST https://upload-firebasehosting.googleapis.com/upload/sites/beaconsgg-admin/versions/8e7f72e3a1b8979a/files/efa211c673bd28249dedc77077751572adc4d8a807108a27f2fe08569dccd04c 200
[debug] [2020-12-23T03:09:34.492Z] <<< [apiv2][body] POST https://upload-firebasehosting.googleapis.com/upload/sites/beaconsgg-admin/versions/8e7f72e3a1b8979a/files/efa211c673bd28249dedc77077751572adc4d8a807108a27f2fe08569dccd04c [stream]
[debug] [2020-12-23T03:09:34.529Z] <<< [apiv2][status] POST https://upload-firebasehosting.googleapis.com/upload/sites/beaconsgg-admin/versions/8e7f72e3a1b8979a/files/812dec90b5eb9541c945a5426d831230b630e63f22658661f6c70fda02b5090f 200
[debug] [2020-12-23T03:09:34.529Z] <<< [apiv2][body] POST https://upload-firebasehosting.googleapis.com/upload/sites/beaconsgg-admin/versions/8e7f72e3a1b8979a/files/812dec90b5eb9541c945a5426d831230b630e63f22658661f6c70fda02b5090f [stream]
[debug] [2020-12-23T03:09:34.529Z] <<< [apiv2][status] POST https://upload-firebasehosting.googleapis.com/upload/sites/beaconsgg-admin/versions/8e7f72e3a1b8979a/files/3b2877753cb0e3491cd6e5f282137dde0ea36316d7aaf59d4279a6b1d85577c5 200
[debug] [2020-12-23T03:09:34.529Z] <<< [apiv2][body] POST https://upload-firebasehosting.googleapis.com/upload/sites/beaconsgg-admin/versions/8e7f72e3a1b8979a/files/3b2877753cb0e3491cd6e5f282137dde0ea36316d7aaf59d4279a6b1d85577c5 [stream]
[debug] [2020-12-23T03:09:34.600Z] <<< [apiv2][status] POST https://upload-firebasehosting.googleapis.com/upload/sites/beaconsgg-admin/versions/8e7f72e3a1b8979a/files/ea8270f330c903093c07c8fe43b8083622dc5423675e45ea8170099eae7d47d3 200
[debug] [2020-12-23T03:09:34.601Z] <<< [apiv2][body] POST https://upload-firebasehosting.googleapis.com/upload/sites/beaconsgg-admin/versions/8e7f72e3a1b8979a/files/ea8270f330c903093c07c8fe43b8083622dc5423675e45ea8170099eae7d47d3 [stream]
[debug] [2020-12-23T03:09:35.764Z] <<< [apiv2][status] POST https://upload-firebasehosting.googleapis.com/upload/sites/beaconsgg-admin/versions/8e7f72e3a1b8979a/files/13cf64ece32f201d3c609f2f2232701f348f9102163be40af17fba130a6c0f0c 200
[debug] [2020-12-23T03:09:35.764Z] <<< [apiv2][body] POST https://upload-firebasehosting.googleapis.com/upload/sites/beaconsgg-admin/versions/8e7f72e3a1b8979a/files/13cf64ece32f201d3c609f2f2232701f348f9102163be40af17fba130a6c0f0c [stream]
[debug] [2020-12-23T03:09:35.764Z] [hosting][upload queue][FINAL] {"max":2397,"min":1015,"avg":1216.7272727272727,"active":0,"complete":11,"success":11,"errored":0,"retried":0,"total":11,"elapsed":2399}
[info] ✔  hosting[beaconsgg-admin]: file upload complete 
[debug] [2020-12-23T03:09:35.765Z] [hosting] deploy completed after 4648ms
[debug] [2020-12-23T03:09:35.765Z] [
  {
    "config": {
      "site": "beaconsgg-admin",
      "public": "build",
      "ignore": [
        "firebase.json",
        "**/.*",
        "**/node_modules/**"
      ],
      "rewrites": [
        {
          "source": "**",
          "destination": "/index.html"
        }
      ]
    },
    "site": "beaconsgg-admin",
    "version": "sites/beaconsgg-admin/versions/8e7f72e3a1b8979a"
  }
]
[info] i  hosting[beaconsgg-admin]: finalizing version... 
[debug] [2020-12-23T03:09:35.768Z] > refreshing access token with scopes: ["email","https://www.googleapis.com/auth/cloud-platform","https://www.googleapis.com/auth/cloudplatformprojects.readonly","https://www.googleapis.com/auth/firebase","openid"]
[debug] [2020-12-23T03:09:35.768Z] >>> HTTP REQUEST POST https://www.googleapis.com/oauth2/v3/token  
 <request body omitted>
[debug] [2020-12-23T03:09:35.996Z] <<< HTTP RESPONSE 200 {"cache-control":"no-cache, no-store, max-age=0, must-revalidate","pragma":"no-cache","date":"Wed, 23 Dec 2020 03:09:35 GMT","expires":"Mon, 01 Jan 1990 00:00:00 GMT","content-type":"application/json; charset=utf-8","vary":"X-Origin, Referer, Origin,Accept-Encoding","server":"scaffolding on HTTPServer2","x-xss-protection":"0","x-frame-options":"SAMEORIGIN","x-content-type-options":"nosniff","alt-svc":"h3-29=\":443\"; ma=2592000,h3-T051=\":443\"; ma=2592000,h3-Q050=\":443\"; ma=2592000,h3-Q046=\":443\"; ma=2592000,h3-Q043=\":443\"; ma=2592000,quic=\":443\"; ma=2592000; v=\"46,43\"","accept-ranges":"none","transfer-encoding":"chunked"}
[debug] [2020-12-23T03:09:36.012Z] >>> HTTP REQUEST PATCH https://firebasehosting.googleapis.com/v1beta1/sites/beaconsgg-admin/versions/8e7f72e3a1b8979a?updateMask=status  
 {"status":"FINALIZED"}
